Processing "../themachinethatgoesping/algorithms/geoprocessing/backtracer/btconstantsvp.hpp" ..
Waiting for jobs to finish ..
../themachinethatgoesping/algorithms/geoprocessing/backtracer/.docstrings/rtconstantsvp.doc.hpp:41:20: error: redefinition of '__doc_themachinethatgoesping_algorithms_geoprocessing_backtracers_RTConstantSVP'
../themachinethatgoesping/algorithms/geoprocessing/backtracer/.docstrings/btconstantsvp.doc.hpp:41:20: note: previous definition is here
../themachinethatgoesping/algorithms/geoprocessing/backtracer/.docstrings/rtconstantsvp.doc.hpp:43:20: error: redefinition of '__doc_themachinethatgoesping_algorithms_geoprocessing_backtracers_RTConstantSVP_RTConstantSVP'
../themachinethatgoesping/algorithms/geoprocessing/backtracer/.docstrings/btconstantsvp.doc.hpp:43:20: note: previous definition is here
../themachinethatgoesping/algorithms/geoprocessing/backtracer/.docstrings/rtconstantsvp.doc.hpp:52:20: error: redefinition of '__doc_themachinethatgoesping_algorithms_geoprocessing_backtracers_RTConstantSVP_RTConstantSVP_2'
../themachinethatgoesping/algorithms/geoprocessing/backtracer/.docstrings/btconstantsvp.doc.hpp:52:20: note: previous definition is here
../themachinethatgoesping/algorithms/geoprocessing/backtracer/.docstrings/rtconstantsvp.doc.hpp:59:20: error: redefinition of '__doc_themachinethatgoesping_algorithms_geoprocessing_backtracers_RTConstantSVP_from_stream'
../themachinethatgoesping/algorithms/geoprocessing/backtracer/.docstrings/btconstantsvp.doc.hpp:59:20: note: previous definition is here
../themachinethatgoesping/algorithms/geoprocessing/backtracer/.docstrings/rtconstantsvp.doc.hpp:61:20: error: redefinition of '__doc_themachinethatgoesping_algorithms_geoprocessing_backtracers_RTConstantSVP_get_sound_velocity'
../themachinethatgoesping/algorithms/geoprocessing/backtracer/.docstrings/btconstantsvp.doc.hpp:61:20: note: previous definition is here
../themachinethatgoesping/algorithms/geoprocessing/backtracer/.docstrings/rtconstantsvp.doc.hpp:63:20: error: redefinition of '__doc_themachinethatgoesping_algorithms_geoprocessing_backtracers_RTConstantSVP_operator_eq'
../themachinethatgoesping/algorithms/geoprocessing/backtracer/.docstrings/btconstantsvp.doc.hpp:63:20: note: previous definition is here
../themachinethatgoesping/algorithms/geoprocessing/backtracer/.docstrings/rtconstantsvp.doc.hpp:65:20: error: redefinition of '__doc_themachinethatgoesping_algorithms_geoprocessing_backtracers_RTConstantSVP_printer'
../themachinethatgoesping/algorithms/geoprocessing/backtracer/.docstrings/btconstantsvp.doc.hpp:65:20: note: previous definition is here
../themachinethatgoesping/algorithms/geoprocessing/backtracer/.docstrings/rtconstantsvp.doc.hpp:67:20: error: redefinition of '__doc_themachinethatgoesping_algorithms_geoprocessing_backtracers_RTConstantSVP_scale_beam'
../themachinethatgoesping/algorithms/geoprocessing/backtracer/.docstrings/btconstantsvp.doc.hpp:67:20: note: previous definition is here
../themachinethatgoesping/algorithms/geoprocessing/backtracer/.docstrings/rtconstantsvp.doc.hpp:98:20: error: redefinition of '__doc_themachinethatgoesping_algorithms_geoprocessing_backtracers_RTConstantSVP_scale_beam_2'
../themachinethatgoesping/algorithms/geoprocessing/backtracer/.docstrings/btconstantsvp.doc.hpp:98:20: note: previous definition is here
../themachinethatgoesping/algorithms/geoprocessing/backtracer/.docstrings/rtconstantsvp.doc.hpp:120:20: error: redefinition of '__doc_themachinethatgoesping_algorithms_geoprocessing_backtracers_RTConstantSVP_scale_swath'
../themachinethatgoesping/algorithms/geoprocessing/backtracer/.docstrings/btconstantsvp.doc.hpp:120:20: note: previous definition is here
../themachinethatgoesping/algorithms/geoprocessing/backtracer/.docstrings/rtconstantsvp.doc.hpp:145:20: error: redefinition of '__doc_themachinethatgoesping_algorithms_geoprocessing_backtracers_RTConstantSVP_set_sound_velocity'
../themachinethatgoesping/algorithms/geoprocessing/backtracer/.docstrings/btconstantsvp.doc.hpp:145:20: note: previous definition is here
../themachinethatgoesping/algorithms/geoprocessing/backtracer/.docstrings/rtconstantsvp.doc.hpp:147:20: error: redefinition of '__doc_themachinethatgoesping_algorithms_geoprocessing_backtracers_RTConstantSVP_sound_velocity'
../themachinethatgoesping/algorithms/geoprocessing/backtracer/.docstrings/btconstantsvp.doc.hpp:147:20: note: previous definition is here
../themachinethatgoesping/algorithms/geoprocessing/backtracer/.docstrings/rtconstantsvp.doc.hpp:149:20: error: redefinition of '__doc_themachinethatgoesping_algorithms_geoprocessing_backtracers_RTConstantSVP_sound_velocity_2'
../themachinethatgoesping/algorithms/geoprocessing/backtracer/.docstrings/btconstantsvp.doc.hpp:149:20: note: previous definition is here
../themachinethatgoesping/algorithms/geoprocessing/backtracer/.docstrings/rtconstantsvp.doc.hpp:151:20: error: redefinition of '__doc_themachinethatgoesping_algorithms_geoprocessing_backtracers_RTConstantSVP_to_stream'
../themachinethatgoesping/algorithms/geoprocessing/backtracer/.docstrings/btconstantsvp.doc.hpp:151:20: note: previous definition is here
../themachinethatgoesping/algorithms/geoprocessing/backtracer/.docstrings/rtconstantsvp.doc.hpp:153:20: error: redefinition of '__doc_themachinethatgoesping_algorithms_geoprocessing_backtracers_RTConstantSVP_trace_beam'
../themachinethatgoesping/algorithms/geoprocessing/backtracer/.docstrings/btconstantsvp.doc.hpp:153:20: note: previous definition is here
../themachinethatgoesping/algorithms/geoprocessing/backtracer/.docstrings/rtconstantsvp.doc.hpp:155:20: error: redefinition of '__doc_themachinethatgoesping_algorithms_geoprocessing_backtracers_RTConstantSVP_trace_point'
../themachinethatgoesping/algorithms/geoprocessing/backtracer/.docstrings/btconstantsvp.doc.hpp:155:20: note: previous definition is here
../themachinethatgoesping/algorithms/geoprocessing/backtracer/.docstrings/rtconstantsvp.doc.hpp:157:20: error: redefinition of '__doc_themachinethatgoesping_algorithms_geoprocessing_backtracers_RTConstantSVP_trace_points'
../themachinethatgoesping/algorithms/geoprocessing/backtracer/.docstrings/btconstantsvp.doc.hpp:157:20: note: previous definition is here
../themachinethatgoesping/algorithms/geoprocessing/backtracer/.docstrings/rtconstantsvp.doc.hpp:159:20: error: redefinition of '__doc_themachinethatgoesping_algorithms_geoprocessing_backtracers_RTConstantSVP_trace_points_2'
../themachinethatgoesping/algorithms/geoprocessing/backtracer/.docstrings/btconstantsvp.doc.hpp:159:20: note: previous definition is here
../themachinethatgoesping/algorithms/geoprocessing/backtracer/.docstrings/rtconstantsvp.doc.hpp:161:20: error: redefinition of '__doc_themachinethatgoesping_algorithms_geoprocessing_backtracers_RTConstantSVP_trace_swath'
../themachinethatgoesping/algorithms/geoprocessing/backtracer/.docstrings/btconstantsvp.doc.hpp:161:20: note: previous definition is here
../themachinethatgoesping/algorithms/geoprocessing/backtracer/../datastructures/raytraceresults.hpp:10:10: fatal error: 'xtensor/xtensor.hpp' file not found
Processing "../themachinethatgoesping/algorithms/geoprocessing/backtracer/i_backtracer.hpp" ..
Waiting for jobs to finish ..
../themachinethatgoesping/algorithms/geoprocessing/backtracer/../datastructures/raytraceresults.hpp:10:10: fatal error: 'xtensor/xtensor.hpp' file not found
Processing "../themachinethatgoesping/algorithms/geoprocessing/datastructures/raytraceresult.hpp" ..
Waiting for jobs to finish ..
../themachinethatgoesping/algorithms/geoprocessing/datastructures/raytraceresult.hpp:10:10: fatal error: 'themachinethatgoesping/tools/classhelper/objectprinter.hpp' file not found
Processing "../themachinethatgoesping/algorithms/geoprocessing/datastructures/raytraceresults.hpp" ..
Waiting for jobs to finish ..
../themachinethatgoesping/algorithms/geoprocessing/datastructures/raytraceresults.hpp:10:10: fatal error: 'xtensor/xtensor.hpp' file not found
Processing "../themachinethatgoesping/algorithms/geoprocessing/raytracers/i_raytracer.hpp" ..
Waiting for jobs to finish ..
../themachinethatgoesping/algorithms/geoprocessing/raytracers/../datastructures/raytraceresults.hpp:10:10: fatal error: 'xtensor/xtensor.hpp' file not found
Processing "../themachinethatgoesping/algorithms/geoprocessing/raytracers/rtconstantsvp.hpp" ..
Waiting for jobs to finish ..
../themachinethatgoesping/algorithms/geoprocessing/raytracers/../datastructures/raytraceresults.hpp:10:10: fatal error: 'xtensor/xtensor.hpp' file not found
